# JRE version: Java(TM) SE Runtime Environment (8.0_201-b09) (build 1.8.0_201-b09)
# Java VM: Java HotSpot(TM) 64-Bit Server VM (25.201-b09 mixed mode linux-amd64 compressed oops)
Heap:
 PSYoungGen      total 440320K, used 160K [0x00000000d6f00000, 0x00000000f3280000, 0x0000000100000000)
  eden space 418304K, 0% used [0x00000000d6f00000,0x00000000d6f00000,0x00000000f0780000)
  from space 22016K, 0% used [0x00000000f0780000,0x00000000f07a8000,0x00000000f1d00000)
  to   space 16384K, 0% used [0x00000000f2080000,0x00000000f2080000,0x00000000f3080000)
 ParOldGen       total 82432K, used 41132K [0x0000000084c00000, 0x0000000089c80000, 0x00000000d6f00000)
  object space 82432K, 49% used [0x0000000084c00000,0x000000008742b210,0x0000000089c80000)
 Metaspace       used 56299K, capacity 59048K, committed 59096K, reserved 1099776K
  class space    used 7875K, capacity 8400K, committed 8448K, reserved 1048576K
GC Heap History (10 events):
Event: 7,722 GC heap after
Heap after GC invocations=10 (full 1):
 PSYoungGen      total 227840K, used 12272K [0x00000000d6f00000, 0x00000000eba00000, 0x0000000100000000)
  eden space 215552K, 0% used [0x00000000d6f00000,0x00000000d6f00000,0x00000000e4180000)
  from space 12288K, 99% used [0x00000000e4180000,0x00000000e4d7c348,0x00000000e4d80000)
  to   space 16896K, 0% used [0x00000000ea980000,0x00000000ea980000,0x00000000eba00000)
 ParOldGen       total 50688K, used 17262K [0x0000000084c00000, 0x0000000087d80000, 0x00000000d6f00000)
  object space 50688K, 34% used [0x0000000084c00000,0x0000000085cdb9a0,0x0000000087d80000)
 Metaspace       used 32761K, capacity 34502K, committed 34688K, reserved 1079296K
  class space    used 4509K, capacity 4888K, committed 4992K, reserved 1048576K
}
Event: 7,918 GC heap before
{Heap before GC invocations=11 (full 1):
 PSYoungGen      total 227840K, used 22321K [0x00000000d6f00000, 0x00000000eba00000, 0x0000000100000000)
  eden space 215552K, 4% used [0x00000000d6f00000,0x00000000d78d01a8,0x00000000e4180000)
  from space 12288K, 99% used [0x00000000e4180000,0x00000000e4d7c348,0x00000000e4d80000)
  to   space 16896K, 0% used [0x00000000ea980000,0x00000000ea980000,0x00000000eba00000)
 ParOldGen       total 50688K, used 17262K [0x0000000084c00000, 0x0000000087d80000, 0x00000000d6f00000)
  object space 50688K, 34% used [0x0000000084c00000,0x0000000085cdb9a0,0x0000000087d80000)
 Metaspace       used 33738K, capacity 35430K, committed 35456K, reserved 1079296K
  class space    used 4647K, capacity 4984K, committed 4992K, reserved 1048576K
Event: 7,934 GC heap after
Heap after GC invocations=11 (full 1):
 PSYoungGen      total 322048K, used 10745K [0x00000000d6f00000, 0x00000000ec700000, 0x0000000100000000)
  eden space 305152K, 0% used [0x00000000d6f00000,0x00000000d6f00000,0x00000000e9900000)
  from space 16896K, 63% used [0x00000000ea980000,0x00000000eb3fe6d8,0x00000000eba00000)
  to   space 16896K, 0% used [0x00000000e9900000,0x00000000e9900000,0x00000000ea980000)
 ParOldGen       total 50688K, used 23048K [0x0000000084c00000, 0x0000000087d80000, 0x00000000d6f00000)
  object space 50688K, 45% used [0x0000000084c00000,0x0000000086282270,0x0000000087d80000)
 Metaspace       used 33738K, capacity 35430K, committed 35456K, reserved 1079296K
  class space    used 4647K, capacity 4984K, committed 4992K, reserved 1048576K
}
Event: 7,934 GC heap before
{Heap before GC invocations=12 (full 2):
 PSYoungGen      total 322048K, used 10745K [0x00000000d6f00000, 0x00000000ec700000, 0x0000000100000000)
  eden space 305152K, 0% used [0x00000000d6f00000,0x00000000d6f00000,0x00000000e9900000)
  from space 16896K, 63% used [0x00000000ea980000,0x00000000eb3fe6d8,0x00000000eba00000)
  to   space 16896K, 0% used [0x00000000e9900000,0x00000000e9900000,0x00000000ea980000)
 ParOldGen       total 50688K, used 23048K [0x0000000084c00000, 0x0000000087d80000, 0x00000000d6f00000)
  object space 50688K, 45% used [0x0000000084c00000,0x0000000086282270,0x0000000087d80000)
 Metaspace       used 33738K, capacity 35430K, committed 35456K, reserved 1079296K
  class space    used 4647K, capacity 4984K, committed 4992K, reserved 1048576K
Event: 8,012 GC heap after
Heap after GC invocations=12 (full 2):
 PSYoungGen      total 322048K, used 0K [0x00000000d6f00000, 0x00000000ec700000, 0x0000000100000000)
  eden space 305152K, 0% used [0x00000000d6f00000,0x00000000d6f00000,0x00000000e9900000)
  from space 16896K, 0% used [0x00000000ea980000,0x00000000ea980000,0x00000000eba00000)
  to   space 16896K, 0% used [0x00000000e9900000,0x00000000e9900000,0x00000000ea980000)
 ParOldGen       total 82432K, used 23790K [0x0000000084c00000, 0x0000000089c80000, 0x00000000d6f00000)
  object space 82432K, 28% used [0x0000000084c00000,0x000000008633b830,0x0000000089c80000)
 Metaspace       used 33738K, capacity 35430K, committed 35456K, reserved 1079296K
  class space    used 4647K, capacity 4984K, committed 4992K, reserved 1048576K
}
Event: 9,865 GC heap before
{Heap before GC invocations=13 (full 2):
 PSYoungGen      total 322048K, used 305152K [0x00000000d6f00000, 0x00000000ec700000, 0x0000000100000000)
  eden space 305152K, 100% used [0x00000000d6f00000,0x00000000e9900000,0x00000000e9900000)
  from space 16896K, 0% used [0x00000000ea980000,0x00000000ea980000,0x00000000eba00000)
  to   space 16896K, 0% used [0x00000000e9900000,0x00000000e9900000,0x00000000ea980000)
 ParOldGen       total 82432K, used 23790K [0x0000000084c00000, 0x0000000089c80000, 0x00000000d6f00000)
  object space 82432K, 28% used [0x0000000084c00000,0x000000008633b830,0x0000000089c80000)
 Metaspace       used 38122K, capacity 40180K, committed 40192K, reserved 1083392K
  class space    used 5227K, capacity 5629K, committed 5632K, reserved 1048576K
Event: 9,879 GC heap after
Heap after GC invocations=13 (full 2):
 PSYoungGen      total 322048K, used 8820K [0x00000000d6f00000, 0x00000000f3080000, 0x0000000100000000)
  eden space 305152K, 0% used [0x00000000d6f00000,0x00000000d6f00000,0x00000000e9900000)
  from space 16896K, 52% used [0x00000000e9900000,0x00000000ea19d060,0x00000000ea980000)
  to   space 16384K, 0% used [0x00000000f2080000,0x00000000f2080000,0x00000000f3080000)
 ParOldGen       total 82432K, used 23798K [0x0000000084c00000, 0x0000000089c80000, 0x00000000d6f00000)
  object space 82432K, 28% used [0x0000000084c00000,0x000000008633d830,0x0000000089c80000)
 Metaspace       used 38122K, capacity 40180K, committed 40192K, reserved 1083392K
  class space    used 5227K, capacity 5629K, committed 5632K, reserved 1048576K
}
Event: 13,939 GC heap before
{Heap before GC invocations=14 (full 2):
 PSYoungGen      total 322048K, used 313972K [0x00000000d6f00000, 0x00000000f3080000, 0x0000000100000000)
  eden space 305152K, 100% used [0x00000000d6f00000,0x00000000e9900000,0x00000000e9900000)
  from space 16896K, 52% used [0x00000000e9900000,0x00000000ea19d060,0x00000000ea980000)
  to   space 16384K, 0% used [0x00000000f2080000,0x00000000f2080000,0x00000000f3080000)
 ParOldGen       total 82432K, used 23798K [0x0000000084c00000, 0x0000000089c80000, 0x00000000d6f00000)
  object space 82432K, 28% used [0x0000000084c00000,0x000000008633d830,0x0000000089c80000)
 Metaspace       used 56286K, capacity 59042K, committed 59096K, reserved 1099776K
  class space    used 7873K, capacity 8399K, committed 8448K, reserved 1048576K
Event: 13,963 GC heap after
Heap after GC invocations=14 (full 2):
 PSYoungGen      total 434688K, used 16365K [0x00000000d6f00000, 0x00000000f3280000, 0x0000000100000000)
  eden space 418304K, 0% used [0x00000000d6f00000,0x00000000d6f00000,0x00000000f0780000)
  from space 16384K, 99% used [0x00000000f2080000,0x00000000f307b738,0x00000000f3080000)
  to   space 22016K, 0% used [0x00000000f0780000,0x00000000f0780000,0x00000000f1d00000)
 ParOldGen       total 82432K, used 34336K [0x0000000084c00000, 0x0000000089c80000, 0x00000000d6f00000)
  object space 82432K, 41% used [0x0000000084c00000,0x0000000086d88078,0x0000000089c80000)
 Metaspace       used 56286K, capacity 59042K, committed 59096K, reserved 1099776K
  class space    used 7873K, capacity 8399K, committed 8448K, reserved 1048576K
}
Event: 13,984 GC heap before
{Heap before GC invocations=15 (full 2):
 PSYoungGen      total 434688K, used 27745K [0x00000000d6f00000, 0x00000000f3280000, 0x0000000100000000)
  eden space 418304K, 2% used [0x00000000d6f00000,0x00000000d7a1cff0,0x00000000f0780000)
  from space 16384K, 99% used [0x00000000f2080000,0x00000000f307b738,0x00000000f3080000)
  to   space 22016K, 0% used [0x00000000f0780000,0x00000000f0780000,0x00000000f1d00000)
 ParOldGen       total 82432K, used 34336K [0x0000000084c00000, 0x0000000089c80000, 0x00000000d6f00000)
  object space 82432K, 41% used [0x0000000084c00000,0x0000000086d88078,0x0000000089c80000)
 Metaspace       used 56299K, capacity 59048K, committed 59096K, reserved 1099776K
  class space    used 7875K, capacity 8400K, committed 8448K, reserved 1048576K

